<?xml version="1.0" encoding="UTF-8"?>
<testsuite name="MyFirstTest" tests="1" skipped="0" failures="0" errors="0" timestamp="2024-05-02T06:37:53" hostname="AT-L-AK07" time="9.551">
  <properties/>
  <testcase name="myFirstTest()" classname="MyFirstTest" time="9.551"/>
  <system-out><![CDATA[]]></system-out>
  <system-err><![CDATA[]]></system-err>
</testsuite>
